<?xml version="1.0" encoding="UTF-8"?>
<!-- Generated by org.testng.reporters.JUnitReportReporter -->
<testsuite name="com.util.test.FactorialTest" tests="5" time="0.074" ignored="0" failures="0" timestamp="24 Sep 2017 03:25:26 GMT" skipped="0" hostname="Diksha-Lapi" errors="0">
  <testcase name="validNumTest" time="0.030" classname="com.util.test.FactorialTest"/>
  <testcase name="validNumTest" time="0.030" classname="com.util.test.FactorialTest"/>
  <testcase name="validNumTest" time="0.002" classname="com.util.test.FactorialTest"/>
  <testcase name="validNumTest" time="0.007" classname="com.util.test.FactorialTest"/>
  <testcase name="validNumTest" time="0.005" classname="com.util.test.FactorialTest"/>
</testsuite> <!-- com.util.test.FactorialTest -->
