<?xml version="1.0" encoding="UTF-8"?>
<!-- Generated by org.testng.reporters.JUnitReportReporter -->
<testsuite name="com.util.test.PalindromeTest" tests="8" time="0.019" ignored="0" failures="0" timestamp="24 Sep 2017 03:26:38 GMT" skipped="0" hostname="Diksha-Lapi" errors="0">
  <testcase name="validStringTest" time="0.000" classname="com.util.test.PalindromeTest"/>
  <testcase name="validStringTest" time="0.001" classname="com.util.test.PalindromeTest"/>
  <testcase name="validStringTest" time="0.001" classname="com.util.test.PalindromeTest"/>
  <testcase name="validStringTest" time="0.001" classname="com.util.test.PalindromeTest"/>
  <testcase name="validStringTest" time="0.000" classname="com.util.test.PalindromeTest"/>
  <testcase name="validStringTest" time="0.000" classname="com.util.test.PalindromeTest"/>
  <testcase name="validStringTest" time="0.015" classname="com.util.test.PalindromeTest"/>
  <testcase name="validStringTest" time="0.001" classname="com.util.test.PalindromeTest"/>
</testsuite> <!-- com.util.test.PalindromeTest -->
