<?xml version="1.0" encoding="UTF-8"?>
<!-- Generated by org.testng.reporters.JUnitReportReporter -->
<testsuite name="com.util.test.FactorialTest" tests="5" time="0.116" ignored="0" failures="0" timestamp="24 Sep 2017 03:26:38 GMT" skipped="0" hostname="Diksha-Lapi" errors="0">
  <testcase name="validNumTest" time="0.115" classname="com.util.test.FactorialTest"/>
  <testcase name="validNumTest" time="0.001" classname="com.util.test.FactorialTest"/>
  <testcase name="validNumTest" time="0.000" classname="com.util.test.FactorialTest"/>
  <testcase name="validNumTest" time="0.000" classname="com.util.test.FactorialTest"/>
  <testcase name="validNumTest" time="0.000" classname="com.util.test.FactorialTest"/>
</testsuite> <!-- com.util.test.FactorialTest -->
